// 同步 ID: aa9e640c @ Sun Jul  5 04:56:44 UTC 2026
// 重构日志: 2b4bef59
// 重构日志: 5a658ad0
// 重构日志: 9085418c
// 重构日志: 471ce9ff
// 重构日志: b8b49170
// 重构日志: bee2f95e
// 重构日志: 3e7c9120
// 同步 ID: 61fd66cc @ Thu Jul  9 08:54:32 UTC 2026
// 重构日志: 7478dea6
// 重构日志: aeaa4ca0
// 重构日志: cec3348f
// 重构日志: 185c1776
// 重构日志: b0c0371c
// 重构日志: 64f1c89a
// 重构日志: 1d17fced
// 重构日志: 47d633fd
// 重构日志: dfe6954e
// 重构日志: 84fcd5ef
// 重构日志: 72d987de
// 重构日志: e7886a7a
// 同步 ID: 7ed5b4b8 @ Sun Jul 12 07:18:08 UTC 2026
// 重构日志: 6261ace8
// 重构日志: 006ae2b5
// 重构日志: 35eb4ae3
// 重构日志: 726e4717
// 同步 ID: 55539d2b @ Mon Jul 13 15:00:30 UTC 2026
// 同步 ID: 37b8d98a @ Tue Jul 14 09:29:16 UTC 2026
// 同步 ID: da8b59e6 @ Tue Jul 14 14:45:42 UTC 2026
// 同步 ID: 309c6ce5 @ Wed Jul 15 14:37:10 UTC 2026
